<?xml version="1.0" encoding="UTF-8"?>
<!-- Generated by org.testng.reporters.JUnitReportReporter -->
<testsuite skipped="1" hostname="ermao750125-ThinkPad-T510" name="AravindAll.aravindall.SkipTest" tests="2" failures="0" timestamp="22 Nov 2018 01:03:55 GMT" time="0.261" errors="0">
  <testcase name="Radio_check" time="0.251" classname="AravindAll.aravindall.SkipTest"/>
  <testcase name="Intensional_Skip" time="0.010" classname="AravindAll.aravindall.SkipTest">
    <skipped/>
  </testcase> <!-- Intensional_Skip -->
</testsuite> <!-- AravindAll.aravindall.SkipTest -->
