<?xml version="1.0" encoding="UTF-8"?>
<!-- Generated by org.testng.reporters.JUnitReportReporter -->
<testsuite skipped="0" hostname="ermao750125-ThinkPad-T510" name="AravindAll.aravindall.GetPageTitle" tests="1" failures="0" timestamp="22 Nov 2018 00:51:41 GMT" time="15.505" errors="0">
  <testcase name="testmethodone" time="15.505" classname="AravindAll.aravindall.GetPageTitle"/>
</testsuite> <!-- AravindAll.aravindall.GetPageTitle -->
