<?xml version="1.0" encoding="UTF-8"?>
<!-- Generated by org.testng.reporters.JUnitReportReporter -->
<testsuite skipped="0" hostname="ermao750125-ThinkPad-T510" name="AravindAll.aravindall.TestParallel" tests="4" failures="0" timestamp="22 Nov 2018 03:22:03 GMT" time="2.293" errors="0">
  <testcase name="verify_title" time="0.013" classname="AravindAll.aravindall.TestParallel"/>
  <testcase name="verify_message" time="0.608" classname="AravindAll.aravindall.TestParallel"/>
  <testcase name="verify_message" time="0.217" classname="AravindAll.aravindall.TestParallel"/>
  <testcase name="verify_title" time="1.455" classname="AravindAll.aravindall.TestParallel"/>
</testsuite> <!-- AravindAll.aravindall.TestParallel -->
