<?xml version="1.0" encoding="UTF-8"?>
<!-- Generated by org.testng.reporters.JUnitReportReporter -->
<testsuite skipped="0" hostname="ermao750125-ThinkPad-T510" name="ManagingCookies.deleteCookies" tests="1" failures="0" timestamp="23 Nov 2018 03:42:11 GMT" time="0.083" errors="0">
  <testcase name="deleteCookie" time="0.083" classname="ManagingCookies.deleteCookies"/>
</testsuite> <!-- ManagingCookies.deleteCookies -->
