<?xml version="1.0" encoding="UTF-8"?>
<!-- Generated by org.testng.reporters.JUnitReportReporter -->
<testsuite skipped="0" hostname="ermao750125-ThinkPad-T510" name="ManagingCookies.extractCookies" tests="1" failures="0" timestamp="23 Nov 2018 03:17:07 GMT" time="0.313" errors="0">
  <testcase name="extrctCookie" time="0.313" classname="ManagingCookies.extractCookies"/>
</testsuite> <!-- ManagingCookies.extractCookies -->
