<?xml version="1.0" encoding="UTF-8"?>
<!-- Generated by org.testng.reporters.JUnitReportReporter -->
<testsuite skipped="0" hostname="ermao750125-ThinkPad-T510" name="TestNGOnePack.ClassOne" tests="1" failures="0" timestamp="22 Nov 2018 00:54:38 GMT" time="0.022" errors="0">
  <testcase name="testmethodtwo" time="0.022" classname="TestNGOnePack.ClassOne"/>
</testsuite> <!-- TestNGOnePack.ClassOne -->
