<?xml version="1.0" encoding="UTF-8"?>
<!-- Generated by org.testng.reporters.JUnitReportReporter -->
<testsuite skipped="0" hostname="ermao750125-ThinkPad-T510" name="ImplicitExplicitWait.WaitElementClickable" tests="1" failures="0" timestamp="22 Nov 2018 04:40:21 GMT" time="7.694" errors="0">
  <testcase name="test" time="7.694" classname="ImplicitExplicitWait.WaitElementClickable"/>
</testsuite> <!-- ImplicitExplicitWait.WaitElementClickable -->
