<?xml version="1.0" encoding="UTF-8"?>
<!-- Generated by org.testng.reporters.JUnitReportReporter -->
<testsuite skipped="0" hostname="ermao750125-ThinkPad-T510" name="ManagingCookies.addCookies" tests="1" failures="0" timestamp="23 Nov 2018 03:21:47 GMT" time="0.125" errors="0">
  <testcase name="addCookie" time="0.125" classname="ManagingCookies.addCookies"/>
</testsuite> <!-- ManagingCookies.addCookies -->
