<?xml version="1.0" encoding="UTF-8"?>
<!-- Generated by org.testng.reporters.JUnitReportReporter -->
<testsuite skipped="0" hostname="ermao750125-ThinkPad-T510" name="TestNGOnePack.ClassTwo" tests="2" failures="0" timestamp="22 Nov 2018 00:51:41 GMT" time="0.713" errors="0">
  <testcase name="testmethodtwo" time="0.016" classname="TestNGOnePack.ClassTwo"/>
  <testcase name="testmethodone" time="0.697" classname="TestNGOnePack.ClassTwo"/>
</testsuite> <!-- TestNGOnePack.ClassTwo -->
