<?xml version="1.0" encoding="UTF-8"?>
<!-- Generated by org.testng.reporters.JUnitReportReporter -->
<testsuite skipped="0" hostname="ermao750125-ThinkPad-T510" name="AravindAll.aravindall.GoogleHomePageTest" tests="1" failures="0" timestamp="20 Dec 2018 20:47:08 GMT" time="3.377" errors="0">
  <testcase name="verifyGooglePageTittle" time="3.377" classname="AravindAll.aravindall.GoogleHomePageTest"/>
</testsuite> <!-- AravindAll.aravindall.GoogleHomePageTest -->
