<?xml version="1.0" encoding="UTF-8"?>
<!-- Generated by org.testng.reporters.JUnitReportReporter -->
<testsuite skipped="0" hostname="ermao750125-ThinkPad-T510" name="TestNGTwoPack.ClassTwo" tests="1" failures="0" timestamp="22 Nov 2018 00:54:38 GMT" time="1.082" errors="0">
  <testcase name="testmethodone" time="1.082" classname="TestNGTwoPack.ClassTwo"/>
</testsuite> <!-- TestNGTwoPack.ClassTwo -->
