<?xml version="1.0" encoding="UTF-8"?>
<!-- Generated by org.testng.reporters.JUnitReportReporter -->
<testsuite skipped="0" hostname="ermao750125-ThinkPad-T510" name="TestNGThreePack.ClassOne" tests="2" failures="0" timestamp="22 Nov 2018 00:44:49 GMT" time="0.024" errors="0">
  <testcase name="testmethodtwo" time="0.017" classname="TestNGThreePack.ClassOne"/>
  <testcase name="testmethodone" time="0.007" classname="TestNGThreePack.ClassOne"/>
</testsuite> <!-- TestNGThreePack.ClassOne -->
