<?xml version="1.0" encoding="UTF-8"?>
<!-- Generated by org.testng.reporters.JUnitReportReporter -->
<testsuite skipped="0" hostname="ermao750125-ThinkPad-T510" name="TestNGThreePack.ClassTwo" tests="2" failures="0" timestamp="22 Nov 2018 00:44:49 GMT" time="0.757" errors="0">
  <testcase name="testmethodtwo" time="0.018" classname="TestNGThreePack.ClassTwo"/>
  <testcase name="testmethodone" time="0.739" classname="TestNGThreePack.ClassTwo"/>
</testsuite> <!-- TestNGThreePack.ClassTwo -->
