<?xml version="1.0" encoding="UTF-8"?>
<!-- Generated by org.testng.reporters.JUnitReportReporter -->
<testsuite skipped="0" hostname="ermao750125-ThinkPad-T510" name="TestNGOnePack.ClassOne" tests="1" failures="0" timestamp="21 Nov 2018 23:49:44 GMT" time="0.011" errors="0">
  <testcase name="testmethodone" time="0.011" classname="TestNGOnePack.ClassOne"/>
</testsuite> <!-- TestNGOnePack.ClassOne -->
