<?xml version="1.0" encoding="UTF-8"?>
<!-- Generated by org.testng.reporters.JUnitReportReporter -->
<testsuite skipped="0" hostname="ermao750125-ThinkPad-T510" name="AravindAll.aravindall.GetPageTitle" tests="1" failures="0" timestamp="21 Nov 2018 23:49:44 GMT" time="14.401" errors="0">
  <testcase name="testmethodone" time="14.401" classname="AravindAll.aravindall.GetPageTitle"/>
</testsuite> <!-- AravindAll.aravindall.GetPageTitle -->
