<?xml version="1.0" encoding="UTF-8"?>
<!-- Generated by org.testng.reporters.JUnitReportReporter -->
<testsuite skipped="0" hostname="ermao750125-ThinkPad-T510" name="AravindAll.aravindall.GoogleHomePageTest" tests="1" failures="0" timestamp="21 Nov 2018 23:49:44 GMT" time="2.964" errors="0">
  <testcase name="verifyGooglePageTittle" time="2.964" classname="AravindAll.aravindall.GoogleHomePageTest"/>
</testsuite> <!-- AravindAll.aravindall.GoogleHomePageTest -->
